<?xml version="1.0" encoding="UTF-8"?>
<!-- Generated by org.testng.reporters.JUnitReportReporter -->
<testsuite hostname="DESKTOP-DM7HA6N" failures="0" tests="2" name="com.tests.HomeTest" time="33.633" errors="0" timestamp="2023-08-28T12:08:32 IST" skipped="0">
  <testcase classname="com.tests.HomeTest" name="verifyNewCustomerTest" time="19.644"/>
  <system-out/>
  <testcase classname="com.tests.HomeTest" name="verifyHomeTitleTest" time="13.989"/>
  <system-out/>
</testsuite> <!-- com.tests.HomeTest -->
