<?xml version="1.0" encoding="UTF-8"?>
<!-- Generated by org.testng.reporters.JUnitReportReporter -->
<testsuite hostname="DESKTOP-DM7HA6N" failures="0" tests="1" name="com.tests.LoginTest" time="16.145" errors="0" timestamp="2023-08-29T18:45:20 IST" skipped="0">
  <testcase classname="com.tests.LoginTest" name="verifyLoginTest" time="16.145"/>
  <system-out/>
</testsuite> <!-- com.tests.LoginTest -->
