<?xml version="1.0" encoding="UTF-8"?>
<!-- Generated by org.testng.reporters.JUnitReportReporter -->
<testsuite hostname="DESKTOP-DM7HA6N" failures="0" tests="1" name="com.tests.LoginTest2" time="13.115" errors="0" timestamp="2023-08-24T18:37:00 IST" skipped="0">
  <testcase classname="com.tests.LoginTest2" name="verifyLoginTest" time="13.115"/>
  <system-out/>
</testsuite> <!-- com.tests.LoginTest2 -->
