<?xml version="1.0" encoding="UTF-8"?>
<!-- Generated by org.testng.reporters.JUnitReportReporter -->
<testsuite hostname="DESKTOP-DM7HA6N" failures="0" tests="1" name="com.tests.LoginTest" time="20.428" errors="0" timestamp="2023-08-28T12:08:32 IST" skipped="0">
  <testcase classname="com.tests.LoginTest" name="verifyLoginTest" time="20.428"/>
  <system-out/>
</testsuite> <!-- com.tests.LoginTest -->
