<?xml version="1.0" encoding="UTF-8"?>
<!-- Generated by org.testng.reporters.JUnitReportReporter -->
<testsuite hostname="DESKTOP-DM7HA6N" failures="0" tests="2" name="com.tests.HomeTest" time="32.152" errors="0" timestamp="2023-08-29T18:45:20 IST" skipped="0">
  <testcase classname="com.tests.HomeTest" name="verifyNewCustomerTest" time="20.995"/>
  <system-out/>
  <testcase classname="com.tests.HomeTest" name="verifyHomeTitleTest" time="11.157"/>
  <system-out/>
</testsuite> <!-- com.tests.HomeTest -->
